

================================================================
== Synthesis Summary Report of 'kernel_block_spmv'
================================================================
+ General Information: 
    * Date:           Tue Jan 30 16:50:49 2024
    * Version:        2022.1 (Build 3526262 on Mon Apr 18 15:47:01 MDT 2022)
    * Project:        spmv_hls
    * Solution:       solution (Vitis Kernel Flow Target)
    * Product family: virtexuplus
    * Target device:  xcu250-figd2104-2L-e
    

+ Performance & Resource Estimates: 
    
    PS: '+' for module; 'o' for loop; '*' for dataflow
    +-----------------------------------------------+------+------+---------+-----------+----------+---------+------+----------+------+---------+-------------+------------+---------+
    |                    Modules                    | Issue|      | Latency |  Latency  | Iteration|         | Trip |          |      |         |             |            |         |
    |                    & Loops                    | Type | Slack| (cycles)|    (ns)   |  Latency | Interval| Count| Pipelined| BRAM |   DSP   |      FF     |     LUT    |   URAM  |
    +-----------------------------------------------+------+------+---------+-----------+----------+---------+------+----------+------+---------+-------------+------------+---------+
    |+ kernel_block_spmv                            |     -|  0.00|     8271|  8.271e+04|         -|     8272|     -|        no|     -|  3 (~0%)|  17472 (~0%)|  25723 (1%)|  1 (~0%)|
    | + kernel_block_spmv_Pipeline_l_read_elements  |     -|  0.00|     4099|  4.099e+04|         -|     4099|     -|        no|     -|        -|   1040 (~0%)|   117 (~0%)|        -|
    |  o l_read_elements                            |     -|  7.30|     4097|  4.097e+04|         3|        1|  4096|       yes|     -|        -|            -|           -|        -|
    | + kernel_block_spmv_Pipeline_l_read_in        |     -|  0.00|       67|    670.000|         -|       67|     -|        no|     -|        -|   1022 (~0%)|   110 (~0%)|        -|
    |  o l_read_in                                  |     -|  7.30|       65|    650.000|         3|        1|    64|       yes|     -|        -|            -|           -|        -|
    | + kernel_block_spmv_Pipeline_l_read_out       |     -|  0.00|       67|    670.000|         -|       67|     -|        no|     -|        -|   1022 (~0%)|   110 (~0%)|        -|
    |  o l_read_out                                 |     -|  7.30|       65|    650.000|         3|        1|    64|       yes|     -|        -|            -|           -|        -|
    | + kernel_block_spmv_Pipeline_l_block_spmv     |     -|  0.91|     4098|  4.098e+04|         -|     4098|     -|        no|     -|  3 (~0%)|    120 (~0%)|   208 (~0%)|        -|
    |  o l_block_spmv                               |     -|  7.30|     4096|  4.096e+04|         2|        1|  4096|       yes|     -|        -|            -|           -|        -|
    +-----------------------------------------------+------+------+---------+-----------+----------+---------+------+----------+------+---------+-------------+------------+---------+


================================================================
== HW Interfaces
================================================================
* M_AXI
+-------------+------------+---------------+---------+--------+----------+-----------+--------------+--------------+-------------+-------------+
| Interface   | Data Width | Address Width | Latency | Offset | Register | Max Widen | Max Read     | Max Write    | Num Read    | Num Write   |
|             | (SW->HW)   |               |         |        |          | Bitwidth  | Burst Length | Burst Length | Outstanding | Outstanding |
+-------------+------------+---------------+---------+--------+----------+-----------+--------------+--------------+-------------+-------------+
| m_axi_gmem1 | 32 -> 512  | 64            | 64      | slave  | 0        | 512       | 16           | 16           | 16          | 16          |
| m_axi_gmem2 | 32 -> 512  | 64            | 64      | slave  | 0        | 512       | 16           | 16           | 16          | 16          |
| m_axi_gmem3 | 32 -> 512  | 64            | 64      | slave  | 0        | 512       | 16           | 16           | 16          | 16          |
+-------------+------------+---------------+---------+--------+----------+-----------+--------------+--------------+-------------+-------------+

* S_AXILITE Interfaces
+---------------+------------+---------------+--------+----------+
| Interface     | Data Width | Address Width | Offset | Register |
+---------------+------------+---------------+--------+----------+
| s_axi_control | 32         | 6             | 16     | 0        |
+---------------+------------+---------------+--------+----------+

* S_AXILITE Registers
+---------------+------------+--------+-------+--------+----------------------------------+------------------------------------------------------------------------------------+
| Interface     | Register   | Offset | Width | Access | Description                      | Bit Fields                                                                         |
+---------------+------------+--------+-------+--------+----------------------------------+------------------------------------------------------------------------------------+
| s_axi_control | CTRL       | 0x00   | 32    | RW     | Control signals                  | 0=AP_START 1=AP_DONE 2=AP_IDLE 3=AP_READY 4=AP_CONTINUE 7=AUTO_RESTART 9=INTERRUPT |
| s_axi_control | GIER       | 0x04   | 32    | RW     | Global Interrupt Enable Register | 0=Enable                                                                           |
| s_axi_control | IP_IER     | 0x08   | 32    | RW     | IP Interrupt Enable Register     | 0=CHAN0_INT_EN 1=CHAN1_INT_EN                                                      |
| s_axi_control | IP_ISR     | 0x0c   | 32    | RW     | IP Interrupt Status Register     | 0=CHAN0_INT_ST 1=CHAN1_INT_ST                                                      |
| s_axi_control | Elements_1 | 0x10   | 32    | W      | Data signal of Elements          |                                                                                    |
| s_axi_control | Elements_2 | 0x14   | 32    | W      | Data signal of Elements          |                                                                                    |
| s_axi_control | In_r_1     | 0x1c   | 32    | W      | Data signal of In_r              |                                                                                    |
| s_axi_control | In_r_2     | 0x20   | 32    | W      | Data signal of In_r              |                                                                                    |
| s_axi_control | Out_r_1    | 0x28   | 32    | W      | Data signal of Out_r             |                                                                                    |
| s_axi_control | Out_r_2    | 0x2c   | 32    | W      | Data signal of Out_r             |                                                                                    |
+---------------+------------+--------+-------+--------+----------------------------------+------------------------------------------------------------------------------------+

* TOP LEVEL CONTROL
+-----------+---------------+-----------+
| Interface | Type          | Ports     |
+-----------+---------------+-----------+
| ap_clk    | clock         | ap_clk    |
| ap_rst_n  | reset         | ap_rst_n  |
| interrupt | interrupt     | interrupt |
| ap_ctrl   | ap_ctrl_chain |           |
+-----------+---------------+-----------+


================================================================
== SW I/O Information
================================================================
* Top Function Arguments
+----------+-----------+----------+
| Argument | Direction | Datatype |
+----------+-----------+----------+
| Elements | in        | int*     |
| In       | in        | int*     |
| Out      | in        | int*     |
+----------+-----------+----------+

* SW-to-HW Mapping
+----------+---------------+-----------+----------+--------------------------------------+
| Argument | HW Interface  | HW Type   | HW Usage | HW Info                              |
+----------+---------------+-----------+----------+--------------------------------------+
| Elements | m_axi_gmem1   | interface |          |                                      |
| Elements | s_axi_control | register  | offset   | name=Elements_1 offset=0x10 range=32 |
| Elements | s_axi_control | register  | offset   | name=Elements_2 offset=0x14 range=32 |
| In       | m_axi_gmem2   | interface |          |                                      |
| In       | s_axi_control | interface | offset   |                                      |
| Out      | m_axi_gmem3   | interface |          |                                      |
| Out      | s_axi_control | interface | offset   |                                      |
+----------+---------------+-----------+----------+--------------------------------------+


================================================================
== M_AXI Burst Information
================================================================
 Note: All burst requests might be further partitioned into multiple requests during RTL generation based on max_read_burst_length or max_write_burst_length settings.

* Inferred Burst Summary
+--------------+-----------+--------+-------+-------------------------+
| HW Interface | Direction | Length | Width | Location                |
+--------------+-----------+--------+-------+-------------------------+
| m_axi_gmem1  | read      | 256    | 512   | ../code/kernel.cpp:18:5 |
| m_axi_gmem2  | read      | 4      | 512   | ../code/kernel.cpp:23:5 |
| m_axi_gmem3  | read      | 4      | 512   | ../code/kernel.cpp:28:5 |
+--------------+-----------+--------+-------+-------------------------+


================================================================
== Bind Op Report
================================================================
+-----------------------------------------------+-----+--------+----------+-----+--------+---------+
| Name                                          | DSP | Pragma | Variable | Op  | Impl   | Latency |
+-----------------------------------------------+-----+--------+----------+-----+--------+---------+
| + kernel_block_spmv                           | 3   |        |          |     |        |         |
|  + kernel_block_spmv_Pipeline_l_read_elements | 0   |        |          |     |        |         |
|    add_ln18_fu_126_p2                         | -   |        | add_ln18 | add | fabric | 0       |
|  + kernel_block_spmv_Pipeline_l_read_in       | 0   |        |          |     |        |         |
|    add_ln23_fu_126_p2                         | -   |        | add_ln23 | add | fabric | 0       |
|  + kernel_block_spmv_Pipeline_l_read_out      | 0   |        |          |     |        |         |
|    add_ln28_fu_126_p2                         | -   |        | add_ln28 | add | fabric | 0       |
|  + kernel_block_spmv_Pipeline_l_block_spmv    | 3   |        |          |     |        |         |
|    add_ln32_fu_119_p2                         | -   |        | add_ln32 | add | fabric | 0       |
|    mul_32s_32s_32_1_1_U10                     | 3   |        | mul_ln36 | mul | auto   | 0       |
|    add_ln36_fu_189_p2                         | -   |        | add_ln36 | add | fabric | 0       |
+-----------------------------------------------+-----+--------+----------+-----+--------+---------+


================================================================
== Bind Storage Report
================================================================
+---------------------+------+------+--------+----------------+---------+------+---------+
| Name                | BRAM | URAM | Pragma | Variable       | Storage | Impl | Latency |
+---------------------+------+------+--------+----------------+---------+------+---------+
| + kernel_block_spmv | 0    | 1    |        |                |         |      |         |
|   ElementsBuffer_U  | -    | 1    |        | ElementsBuffer | ram_1p  | auto | 1       |
|   InBuffer_U        | -    | -    |        | InBuffer       | ram_1p  | auto | 1       |
|   OutBuffer_U       | -    | -    |        | OutBuffer      | ram_s2p | auto | 1       |
+---------------------+------+------+--------+----------------+---------+------+---------+


================================================================
== Pragma Report
================================================================
* Valid Pragma Syntax
+-----------+-----------------------------------------------------+--------------------------------------------+
| Type      | Options                                             | Location                                   |
+-----------+-----------------------------------------------------+--------------------------------------------+
| interface | m_axi port = Elements bundle = gmem1 offset = slave | ../code/kernel.cpp:7 in kernel_block_spmv  |
| interface | m_axi port = In bundle = gmem2 offset = slave       | ../code/kernel.cpp:8 in kernel_block_spmv  |
| interface | m_axi port = Out bundle = gmem3 offset = slave      | ../code/kernel.cpp:9 in kernel_block_spmv  |
| interface | s_axilite port = Elements                           | ../code/kernel.cpp:11 in kernel_block_spmv |
| interface | s_axilite port = In                                 | ../code/kernel.cpp:12 in kernel_block_spmv |
| interface | s_axilite port = Out                                | ../code/kernel.cpp:13 in kernel_block_spmv |
| interface | s_axilite port = return                             | ../code/kernel.cpp:14 in kernel_block_spmv |
+-----------+-----------------------------------------------------+--------------------------------------------+


